2021-08-13 08:33:53.348  INFO 9660 --- [restartedMain] com.example.demo.DemoApplication         : Starting DemoApplication using Java 11.0.11 on DESKTOP-N66BMGP with PID 9660 (E:\Spring\demo\build\classes\java\main started by User in E:\Spring\demo)
2021-08-13 08:33:53.355  INFO 9660 --- [restartedMain] com.example.demo.DemoApplication         : No active profile set, falling back to default profiles: default
2021-08-13 08:33:53.766  INFO 9660 --- [restartedMain] .e.DevToolsPropertyDefaultsPostProcessor : Devtools property defaults active! Set 'spring.devtools.add-properties' to 'false' to disable
2021-08-13 08:33:53.767  INFO 9660 --- [restartedMain] .e.DevToolsPropertyDefaultsPostProcessor : For additional web related logging consider setting the 'logging.level.web' property to 'DEBUG'
2021-08-13 08:33:56.549  INFO 9660 --- [restartedMain] .s.d.r.c.RepositoryConfigurationDelegate : Bootstrapping Spring Data JPA repositories in DEFAULT mode.
2021-08-13 08:33:56.680  INFO 9660 --- [restartedMain] .s.d.r.c.RepositoryConfigurationDelegate : Finished Spring Data repository scanning in 119 ms. Found 1 JPA repository interfaces.
2021-08-13 08:33:58.710  INFO 9660 --- [restartedMain] o.s.b.w.embedded.tomcat.TomcatWebServer  : Tomcat initialized with port(s): 8080 (http)
2021-08-13 08:33:58.760  INFO 9660 --- [restartedMain] o.apache.catalina.core.StandardService   : Starting service [Tomcat]
2021-08-13 08:33:58.761  INFO 9660 --- [restartedMain] org.apache.catalina.core.StandardEngine  : Starting Servlet engine: [Apache Tomcat/9.0.50]
2021-08-13 08:33:59.812  INFO 9660 --- [restartedMain] o.a.c.c.C.[Tomcat].[localhost].[/]       : Initializing Spring embedded WebApplicationContext
2021-08-13 08:33:59.812  INFO 9660 --- [restartedMain] w.s.c.ServletWebServerApplicationContext : Root WebApplicationContext: initialization completed in 5998 ms
2021-08-13 08:34:00.332  INFO 9660 --- [restartedMain] o.hibernate.jpa.internal.util.LogHelper  : HHH000204: Processing PersistenceUnitInfo [name: default]
2021-08-13 08:34:00.434  INFO 9660 --- [restartedMain] org.hibernate.Version                    : HHH000412: Hibernate ORM core version 5.4.32.Final
2021-08-13 08:34:00.798  INFO 9660 --- [restartedMain] o.hibernate.annotations.common.Version   : HCANN000001: Hibernate Commons Annotations {5.1.2.Final}
2021-08-13 08:34:00.967  INFO 9660 --- [restartedMain] com.zaxxer.hikari.HikariDataSource       : HikariPool-1 - Starting...
2021-08-13 08:34:02.133  INFO 9660 --- [restartedMain] com.zaxxer.hikari.HikariDataSource       : HikariPool-1 - Start completed.
2021-08-13 08:34:02.219  INFO 9660 --- [restartedMain] org.hibernate.dialect.Dialect            : HHH000400: Using dialect: org.hibernate.dialect.MySQL8Dialect
2021-08-13 08:34:05.691  INFO 9660 --- [restartedMain] o.h.e.t.j.p.i.JtaPlatformInitiator       : HHH000490: Using JtaPlatform implementation: [org.hibernate.engine.transaction.jta.platform.internal.NoJtaPlatform]
2021-08-13 08:34:05.703  INFO 9660 --- [restartedMain] j.LocalContainerEntityManagerFactoryBean : Initialized JPA EntityManagerFactory for persistence unit 'default'
2021-08-13 08:34:06.703  WARN 9660 --- [restartedMain] JpaBaseConfiguration$JpaWebConfiguration : spring.jpa.open-in-view is enabled by default. Therefore, database queries may be performed during view rendering. Explicitly configure spring.jpa.open-in-view to disable this warning
2021-08-13 08:34:07.060  INFO 9660 --- [restartedMain] pertySourcedRequestMappingHandlerMapping : Mapped URL path [/v2/api-docs] onto method [springfox.documentation.swagger2.web.Swagger2Controller#getDocumentation(String, HttpServletRequest)]
2021-08-13 08:34:08.055  INFO 9660 --- [restartedMain] o.s.b.d.a.OptionalLiveReloadServer       : LiveReload server is running on port 35729
2021-08-13 08:34:08.775  INFO 9660 --- [restartedMain] o.s.b.w.embedded.tomcat.TomcatWebServer  : Tomcat started on port(s): 8080 (http) with context path ''
2021-08-13 08:34:08.776  INFO 9660 --- [restartedMain] d.s.w.p.DocumentationPluginsBootstrapper : Context refreshed
2021-08-13 08:34:08.827  INFO 9660 --- [restartedMain] d.s.w.p.DocumentationPluginsBootstrapper : Found 1 custom documentation plugin(s)
2021-08-13 08:34:08.865  INFO 9660 --- [restartedMain] s.d.s.w.s.ApiListingReferenceScanner     : Scanning for api listing references
2021-08-13 08:34:09.204  INFO 9660 --- [restartedMain] com.example.demo.DemoApplication         : Started DemoApplication in 17.377 seconds (JVM running for 34.963)
2021-08-13 08:40:44.124  INFO 9660 --- [SpringApplicationShutdownHook] j.LocalContainerEntityManagerFactoryBean : Closing JPA EntityManagerFactory for persistence unit 'default'
2021-08-13 08:40:44.166  INFO 9660 --- [SpringApplicationShutdownHook] com.zaxxer.hikari.HikariDataSource       : HikariPool-1 - Shutdown initiated...
2021-08-13 08:40:44.206  INFO 9660 --- [SpringApplicationShutdownHook] com.zaxxer.hikari.HikariDataSource       : HikariPool-1 - Shutdown completed.
2021-08-13 08:42:42.070  INFO 11320 --- [restartedMain] com.example.demo.DemoApplication         : Starting DemoApplication using Java 11.0.11 on DESKTOP-N66BMGP with PID 11320 (E:\Spring\demo\build\classes\java\main started by User in E:\Spring\demo)
2021-08-13 08:42:43.566  INFO 11320 --- [restartedMain] com.example.demo.DemoApplication         : No active profile set, falling back to default profiles: default
2021-08-13 08:42:46.651  INFO 11320 --- [restartedMain] .e.DevToolsPropertyDefaultsPostProcessor : Devtools property defaults active! Set 'spring.devtools.add-properties' to 'false' to disable
2021-08-13 08:42:46.652  INFO 11320 --- [restartedMain] .e.DevToolsPropertyDefaultsPostProcessor : For additional web related logging consider setting the 'logging.level.web' property to 'DEBUG'
2021-08-13 08:43:20.854  INFO 11320 --- [restartedMain] .s.d.r.c.RepositoryConfigurationDelegate : Bootstrapping Spring Data JPA repositories in DEFAULT mode.
2021-08-13 08:43:23.966  INFO 11320 --- [restartedMain] .s.d.r.c.RepositoryConfigurationDelegate : Finished Spring Data repository scanning in 2287 ms. Found 1 JPA repository interfaces.
2021-08-13 08:43:45.721  INFO 11320 --- [restartedMain] o.s.b.w.embedded.tomcat.TomcatWebServer  : Tomcat initialized with port(s): 8080 (http)
2021-08-13 08:43:46.399  INFO 11320 --- [restartedMain] o.apache.catalina.core.StandardService   : Starting service [Tomcat]
2021-08-13 08:43:46.400  INFO 11320 --- [restartedMain] org.apache.catalina.core.StandardEngine  : Starting Servlet engine: [Apache Tomcat/9.0.50]
2021-08-13 08:43:48.768  INFO 11320 --- [restartedMain] o.a.c.c.C.[Tomcat].[localhost].[/]       : Initializing Spring embedded WebApplicationContext
2021-08-13 08:43:48.768  INFO 11320 --- [restartedMain] w.s.c.ServletWebServerApplicationContext : Root WebApplicationContext: initialization completed in 61997 ms
2021-08-13 08:43:52.122  INFO 11320 --- [restartedMain] o.hibernate.jpa.internal.util.LogHelper  : HHH000204: Processing PersistenceUnitInfo [name: default]
2021-08-13 08:44:01.551  INFO 11320 --- [restartedMain] org.hibernate.Version                    : HHH000412: Hibernate ORM core version 5.4.32.Final
2021-08-13 08:44:12.023  INFO 11320 --- [restartedMain] o.hibernate.annotations.common.Version   : HCANN000001: Hibernate Commons Annotations {5.1.2.Final}
2021-08-13 08:44:15.678  INFO 11320 --- [restartedMain] com.zaxxer.hikari.HikariDataSource       : HikariPool-1 - Starting...
2021-08-13 08:44:19.657  INFO 11320 --- [restartedMain] com.zaxxer.hikari.HikariDataSource       : HikariPool-1 - Start completed.
2021-08-13 08:44:20.337  INFO 11320 --- [restartedMain] org.hibernate.dialect.Dialect            : HHH000400: Using dialect: org.hibernate.dialect.MySQL8Dialect
2021-08-13 08:44:39.384  INFO 11320 --- [restartedMain] o.h.e.t.j.p.i.JtaPlatformInitiator       : HHH000490: Using JtaPlatform implementation: [org.hibernate.engine.transaction.jta.platform.internal.NoJtaPlatform]
2021-08-13 08:44:39.432  INFO 11320 --- [restartedMain] j.LocalContainerEntityManagerFactoryBean : Initialized JPA EntityManagerFactory for persistence unit 'default'
2021-08-13 08:44:42.747  WARN 11320 --- [restartedMain] JpaBaseConfiguration$JpaWebConfiguration : spring.jpa.open-in-view is enabled by default. Therefore, database queries may be performed during view rendering. Explicitly configure spring.jpa.open-in-view to disable this warning
2021-08-13 08:44:43.729  INFO 11320 --- [restartedMain] pertySourcedRequestMappingHandlerMapping : Mapped URL path [/v2/api-docs] onto method [springfox.documentation.swagger2.web.Swagger2Controller#getDocumentation(String, HttpServletRequest)]
2021-08-13 08:44:44.644  INFO 11320 --- [restartedMain] o.s.b.d.a.OptionalLiveReloadServer       : LiveReload server is running on port 35729
2021-08-13 08:44:46.317  INFO 11320 --- [restartedMain] o.s.b.w.embedded.tomcat.TomcatWebServer  : Tomcat started on port(s): 8080 (http) with context path ''
2021-08-13 08:44:46.321  INFO 11320 --- [restartedMain] d.s.w.p.DocumentationPluginsBootstrapper : Context refreshed
2021-08-13 08:44:46.566  INFO 11320 --- [restartedMain] d.s.w.p.DocumentationPluginsBootstrapper : Found 1 custom documentation plugin(s)
2021-08-13 08:44:46.733  INFO 11320 --- [restartedMain] s.d.s.w.s.ApiListingReferenceScanner     : Scanning for api listing references
2021-08-13 08:44:47.911  INFO 11320 --- [restartedMain] com.example.demo.DemoApplication         : Started DemoApplication in 141.11 seconds (JVM running for 179.021)
2021-08-13 08:45:14.634  INFO 11320 --- [http-nio-8080-exec-1] o.a.c.c.C.[Tomcat].[localhost].[/]       : Initializing Spring DispatcherServlet 'dispatcherServlet'
2021-08-13 08:45:14.635  INFO 11320 --- [http-nio-8080-exec-1] o.s.web.servlet.DispatcherServlet        : Initializing Servlet 'dispatcherServlet'
2021-08-13 08:45:14.638  INFO 11320 --- [http-nio-8080-exec-1] o.s.web.servlet.DispatcherServlet        : Completed initialization in 3 ms
2021-08-13 08:50:57.812  WARN 11320 --- [http-nio-8080-exec-4] .w.s.m.s.DefaultHandlerExceptionResolver : Resolved [org.springframework.web.HttpMediaTypeNotSupportedException: Content type '' not supported]
2021-08-13 09:04:10.132  INFO 11320 --- [SpringApplicationShutdownHook] j.LocalContainerEntityManagerFactoryBean : Closing JPA EntityManagerFactory for persistence unit 'default'
2021-08-13 09:04:10.552  INFO 11320 --- [SpringApplicationShutdownHook] com.zaxxer.hikari.HikariDataSource       : HikariPool-1 - Shutdown initiated...
2021-08-13 09:04:10.955  INFO 11320 --- [SpringApplicationShutdownHook] com.zaxxer.hikari.HikariDataSource       : HikariPool-1 - Shutdown completed.
2021-08-13 09:05:24.786  INFO 13228 --- [restartedMain] com.example.demo.DemoApplication         : Starting DemoApplication using Java 11.0.11 on DESKTOP-N66BMGP with PID 13228 (E:\Spring\demo\build\classes\java\main started by User in E:\Spring\demo)
2021-08-13 09:05:25.415  INFO 13228 --- [restartedMain] com.example.demo.DemoApplication         : No active profile set, falling back to default profiles: default
2021-08-13 09:05:37.564  INFO 2868 --- [restartedMain] com.example.demo.DemoApplication         : Starting DemoApplication using Java 11.0.11 on DESKTOP-N66BMGP with PID 2868 (E:\Spring\demo\build\classes\java\main started by User in E:\Spring\demo)
2021-08-13 09:05:37.568  INFO 2868 --- [restartedMain] com.example.demo.DemoApplication         : No active profile set, falling back to default profiles: default
2021-08-13 09:05:38.045  INFO 2868 --- [restartedMain] .e.DevToolsPropertyDefaultsPostProcessor : Devtools property defaults active! Set 'spring.devtools.add-properties' to 'false' to disable
2021-08-13 09:05:38.045  INFO 2868 --- [restartedMain] .e.DevToolsPropertyDefaultsPostProcessor : For additional web related logging consider setting the 'logging.level.web' property to 'DEBUG'
2021-08-13 09:05:43.648  INFO 2868 --- [restartedMain] .s.d.r.c.RepositoryConfigurationDelegate : Bootstrapping Spring Data JPA repositories in DEFAULT mode.
2021-08-13 09:05:43.795  INFO 2868 --- [restartedMain] .s.d.r.c.RepositoryConfigurationDelegate : Finished Spring Data repository scanning in 126 ms. Found 1 JPA repository interfaces.
2021-08-13 09:05:45.389  INFO 2868 --- [restartedMain] o.s.b.w.embedded.tomcat.TomcatWebServer  : Tomcat initialized with port(s): 8080 (http)
2021-08-13 09:05:45.483  INFO 2868 --- [restartedMain] o.apache.catalina.core.StandardService   : Starting service [Tomcat]
2021-08-13 09:05:45.484  INFO 2868 --- [restartedMain] org.apache.catalina.core.StandardEngine  : Starting Servlet engine: [Apache Tomcat/9.0.50]
2021-08-13 09:05:46.321  INFO 2868 --- [restartedMain] o.a.c.c.C.[Tomcat].[localhost].[/]       : Initializing Spring embedded WebApplicationContext
2021-08-13 09:05:46.323  INFO 2868 --- [restartedMain] w.s.c.ServletWebServerApplicationContext : Root WebApplicationContext: initialization completed in 8277 ms
2021-08-13 09:05:47.009  INFO 2868 --- [restartedMain] o.hibernate.jpa.internal.util.LogHelper  : HHH000204: Processing PersistenceUnitInfo [name: default]
2021-08-13 09:05:47.293  INFO 2868 --- [restartedMain] org.hibernate.Version                    : HHH000412: Hibernate ORM core version 5.4.32.Final
2021-08-13 09:05:49.083  INFO 2868 --- [restartedMain] o.hibernate.annotations.common.Version   : HCANN000001: Hibernate Commons Annotations {5.1.2.Final}
2021-08-13 09:05:49.644  INFO 2868 --- [restartedMain] com.zaxxer.hikari.HikariDataSource       : HikariPool-1 - Starting...
2021-08-13 09:05:50.504  INFO 2868 --- [restartedMain] com.zaxxer.hikari.HikariDataSource       : HikariPool-1 - Start completed.
2021-08-13 09:05:50.565  INFO 2868 --- [restartedMain] org.hibernate.dialect.Dialect            : HHH000400: Using dialect: org.hibernate.dialect.MySQL8Dialect
2021-08-13 09:05:53.712  INFO 2868 --- [restartedMain] o.h.e.t.j.p.i.JtaPlatformInitiator       : HHH000490: Using JtaPlatform implementation: [org.hibernate.engine.transaction.jta.platform.internal.NoJtaPlatform]
2021-08-13 09:05:53.744  INFO 2868 --- [restartedMain] j.LocalContainerEntityManagerFactoryBean : Initialized JPA EntityManagerFactory for persistence unit 'default'
2021-08-13 09:05:54.682  WARN 2868 --- [restartedMain] JpaBaseConfiguration$JpaWebConfiguration : spring.jpa.open-in-view is enabled by default. Therefore, database queries may be performed during view rendering. Explicitly configure spring.jpa.open-in-view to disable this warning
2021-08-13 09:05:55.294  INFO 2868 --- [restartedMain] pertySourcedRequestMappingHandlerMapping : Mapped URL path [/v2/api-docs] onto method [springfox.documentation.swagger2.web.Swagger2Controller#getDocumentation(String, HttpServletRequest)]
2021-08-13 09:05:55.669  INFO 2868 --- [restartedMain] o.s.b.d.a.OptionalLiveReloadServer       : LiveReload server is running on port 35729
2021-08-13 09:05:56.043  INFO 2868 --- [restartedMain] o.s.b.w.embedded.tomcat.TomcatWebServer  : Tomcat started on port(s): 8080 (http) with context path ''
2021-08-13 09:05:56.045  INFO 2868 --- [restartedMain] d.s.w.p.DocumentationPluginsBootstrapper : Context refreshed
2021-08-13 09:05:56.097  INFO 2868 --- [restartedMain] d.s.w.p.DocumentationPluginsBootstrapper : Found 1 custom documentation plugin(s)
2021-08-13 09:05:56.150  INFO 2868 --- [restartedMain] s.d.s.w.s.ApiListingReferenceScanner     : Scanning for api listing references
2021-08-13 09:05:56.409  INFO 2868 --- [restartedMain] com.example.demo.DemoApplication         : Started DemoApplication in 19.531 seconds (JVM running for 21.667)
2021-08-13 09:07:05.790  INFO 2868 --- [http-nio-8080-exec-2] o.a.c.c.C.[Tomcat].[localhost].[/]       : Initializing Spring DispatcherServlet 'dispatcherServlet'
2021-08-13 09:07:05.791  INFO 2868 --- [http-nio-8080-exec-2] o.s.web.servlet.DispatcherServlet        : Initializing Servlet 'dispatcherServlet'
2021-08-13 09:07:05.793  INFO 2868 --- [http-nio-8080-exec-2] o.s.web.servlet.DispatcherServlet        : Completed initialization in 2 ms
2021-08-13 09:09:51.433  INFO 2868 --- [SpringApplicationShutdownHook] j.LocalContainerEntityManagerFactoryBean : Closing JPA EntityManagerFactory for persistence unit 'default'
2021-08-13 09:09:51.483  INFO 2868 --- [SpringApplicationShutdownHook] com.zaxxer.hikari.HikariDataSource       : HikariPool-1 - Shutdown initiated...
2021-08-13 09:09:51.573  INFO 2868 --- [SpringApplicationShutdownHook] com.zaxxer.hikari.HikariDataSource       : HikariPool-1 - Shutdown completed.
2021-08-13 09:11:03.472  INFO 6456 --- [restartedMain] com.example.demo.DemoApplication         : Starting DemoApplication using Java 11.0.11 on DESKTOP-N66BMGP with PID 6456 (E:\Spring\demo\build\classes\java\main started by User in E:\Spring\demo)
2021-08-13 09:11:03.476  INFO 6456 --- [restartedMain] com.example.demo.DemoApplication         : No active profile set, falling back to default profiles: default
2021-08-13 09:11:03.662  INFO 6456 --- [restartedMain] .e.DevToolsPropertyDefaultsPostProcessor : Devtools property defaults active! Set 'spring.devtools.add-properties' to 'false' to disable
2021-08-13 09:11:03.662  INFO 6456 --- [restartedMain] .e.DevToolsPropertyDefaultsPostProcessor : For additional web related logging consider setting the 'logging.level.web' property to 'DEBUG'
2021-08-13 09:11:10.672  INFO 6456 --- [restartedMain] .s.d.r.c.RepositoryConfigurationDelegate : Bootstrapping Spring Data JPA repositories in DEFAULT mode.
2021-08-13 09:11:10.782  INFO 6456 --- [restartedMain] .s.d.r.c.RepositoryConfigurationDelegate : Finished Spring Data repository scanning in 99 ms. Found 1 JPA repository interfaces.
2021-08-13 09:11:12.498  INFO 6456 --- [restartedMain] o.s.b.w.embedded.tomcat.TomcatWebServer  : Tomcat initialized with port(s): 8080 (http)
2021-08-13 09:11:12.590  INFO 6456 --- [restartedMain] o.apache.catalina.core.StandardService   : Starting service [Tomcat]
2021-08-13 09:11:12.592  INFO 6456 --- [restartedMain] org.apache.catalina.core.StandardEngine  : Starting Servlet engine: [Apache Tomcat/9.0.50]
2021-08-13 09:11:12.958  INFO 6456 --- [restartedMain] o.a.c.c.C.[Tomcat].[localhost].[/]       : Initializing Spring embedded WebApplicationContext
2021-08-13 09:11:12.958  INFO 6456 --- [restartedMain] w.s.c.ServletWebServerApplicationContext : Root WebApplicationContext: initialization completed in 9281 ms
2021-08-13 09:11:13.490  INFO 6456 --- [restartedMain] o.hibernate.jpa.internal.util.LogHelper  : HHH000204: Processing PersistenceUnitInfo [name: default]
2021-08-13 09:11:13.625  INFO 6456 --- [restartedMain] org.hibernate.Version                    : HHH000412: Hibernate ORM core version 5.4.32.Final
2021-08-13 09:11:13.927  INFO 6456 --- [restartedMain] o.hibernate.annotations.common.Version   : HCANN000001: Hibernate Commons Annotations {5.1.2.Final}
2021-08-13 09:11:14.169  INFO 6456 --- [restartedMain] com.zaxxer.hikari.HikariDataSource       : HikariPool-1 - Starting...
2021-08-13 09:11:16.784  INFO 6456 --- [restartedMain] com.zaxxer.hikari.HikariDataSource       : HikariPool-1 - Start completed.
2021-08-13 09:11:17.141  INFO 6456 --- [restartedMain] org.hibernate.dialect.Dialect            : HHH000400: Using dialect: org.hibernate.dialect.MySQL8Dialect
2021-08-13 09:11:21.917  INFO 6456 --- [restartedMain] o.h.e.t.j.p.i.JtaPlatformInitiator       : HHH000490: Using JtaPlatform implementation: [org.hibernate.engine.transaction.jta.platform.internal.NoJtaPlatform]
2021-08-13 09:11:21.984  INFO 6456 --- [restartedMain] j.LocalContainerEntityManagerFactoryBean : Initialized JPA EntityManagerFactory for persistence unit 'default'
2021-08-13 09:11:24.136  WARN 6456 --- [restartedMain] JpaBaseConfiguration$JpaWebConfiguration : spring.jpa.open-in-view is enabled by default. Therefore, database queries may be performed during view rendering. Explicitly configure spring.jpa.open-in-view to disable this warning
2021-08-13 09:11:25.189  INFO 6456 --- [restartedMain] pertySourcedRequestMappingHandlerMapping : Mapped URL path [/v2/api-docs] onto method [springfox.documentation.swagger2.web.Swagger2Controller#getDocumentation(String, HttpServletRequest)]
2021-08-13 09:11:25.646  INFO 6456 --- [restartedMain] o.s.b.d.a.OptionalLiveReloadServer       : LiveReload server is running on port 35729
2021-08-13 09:11:26.181  INFO 6456 --- [restartedMain] o.s.b.w.embedded.tomcat.TomcatWebServer  : Tomcat started on port(s): 8080 (http) with context path ''
2021-08-13 09:11:26.183  INFO 6456 --- [restartedMain] d.s.w.p.DocumentationPluginsBootstrapper : Context refreshed
2021-08-13 09:11:26.249  INFO 6456 --- [restartedMain] d.s.w.p.DocumentationPluginsBootstrapper : Found 1 custom documentation plugin(s)
2021-08-13 09:11:26.311  INFO 6456 --- [restartedMain] s.d.s.w.s.ApiListingReferenceScanner     : Scanning for api listing references
2021-08-13 09:11:26.644  INFO 6456 --- [restartedMain] com.example.demo.DemoApplication         : Started DemoApplication in 25.297 seconds (JVM running for 40.156)
2021-08-13 10:23:11.911  WARN 6456 --- [HikariPool-1 housekeeper] com.zaxxer.hikari.pool.HikariPool        : HikariPool-1 - Thread starvation or clock leap detected (housekeeper delta=12m52s858ms506µs400ns).
2021-08-13 10:24:02.580  WARN 6456 --- [HikariPool-1 housekeeper] com.zaxxer.hikari.pool.HikariPool        : HikariPool-1 - Thread starvation or clock leap detected (housekeeper delta=51s486ms530µs700ns).
2021-08-13 11:34:28.726  INFO 19884 --- [restartedMain] com.example.demo.DemoApplication         : Starting DemoApplication using Java 11.0.11 on DESKTOP-N66BMGP with PID 19884 (E:\Spring\demo\build\classes\java\main started by User in E:\Spring\demo)
2021-08-13 11:34:29.293  INFO 19884 --- [restartedMain] com.example.demo.DemoApplication         : No active profile set, falling back to default profiles: default
2021-08-13 11:34:31.811  INFO 19884 --- [restartedMain] .e.DevToolsPropertyDefaultsPostProcessor : Devtools property defaults active! Set 'spring.devtools.add-properties' to 'false' to disable
2021-08-13 11:34:31.812  INFO 19884 --- [restartedMain] .e.DevToolsPropertyDefaultsPostProcessor : For additional web related logging consider setting the 'logging.level.web' property to 'DEBUG'
2021-08-13 11:34:55.245  INFO 19884 --- [restartedMain] .s.d.r.c.RepositoryConfigurationDelegate : Bootstrapping Spring Data JPA repositories in DEFAULT mode.
2021-08-13 11:34:57.108  INFO 19884 --- [restartedMain] .s.d.r.c.RepositoryConfigurationDelegate : Finished Spring Data repository scanning in 1702 ms. Found 1 JPA repository interfaces.
2021-08-13 11:35:11.759  INFO 19884 --- [restartedMain] o.s.b.w.embedded.tomcat.TomcatWebServer  : Tomcat initialized with port(s): 8080 (http)
2021-08-13 11:35:12.122  INFO 19884 --- [restartedMain] o.apache.catalina.core.StandardService   : Starting service [Tomcat]
2021-08-13 11:35:12.123  INFO 19884 --- [restartedMain] org.apache.catalina.core.StandardEngine  : Starting Servlet engine: [Apache Tomcat/9.0.50]
2021-08-13 11:35:15.514  INFO 19884 --- [restartedMain] o.a.c.c.C.[Tomcat].[localhost].[/]       : Initializing Spring embedded WebApplicationContext
2021-08-13 11:35:15.515  INFO 19884 --- [restartedMain] w.s.c.ServletWebServerApplicationContext : Root WebApplicationContext: initialization completed in 43681 ms
2021-08-13 11:35:18.122  INFO 19884 --- [restartedMain] o.hibernate.jpa.internal.util.LogHelper  : HHH000204: Processing PersistenceUnitInfo [name: default]
2021-08-13 11:35:20.969  INFO 19884 --- [restartedMain] org.hibernate.Version                    : HHH000412: Hibernate ORM core version 5.4.32.Final
2021-08-13 11:35:32.539  INFO 19884 --- [restartedMain] o.hibernate.annotations.common.Version   : HCANN000001: Hibernate Commons Annotations {5.1.2.Final}
2021-08-13 11:35:37.658  INFO 19884 --- [restartedMain] com.zaxxer.hikari.HikariDataSource       : HikariPool-1 - Starting...
2021-08-13 11:36:06.200  INFO 19884 --- [restartedMain] com.zaxxer.hikari.HikariDataSource       : HikariPool-1 - Start completed.
2021-08-13 11:36:06.931  INFO 19884 --- [restartedMain] org.hibernate.dialect.Dialect            : HHH000400: Using dialect: org.hibernate.dialect.MySQL8Dialect
2021-08-13 11:36:45.803  INFO 19884 --- [restartedMain] o.h.e.t.j.p.i.JtaPlatformInitiator       : HHH000490: Using JtaPlatform implementation: [org.hibernate.engine.transaction.jta.platform.internal.NoJtaPlatform]
2021-08-13 11:36:46.114  INFO 19884 --- [restartedMain] j.LocalContainerEntityManagerFactoryBean : Initialized JPA EntityManagerFactory for persistence unit 'default'
2021-08-13 11:36:51.148  WARN 19884 --- [restartedMain] JpaBaseConfiguration$JpaWebConfiguration : spring.jpa.open-in-view is enabled by default. Therefore, database queries may be performed during view rendering. Explicitly configure spring.jpa.open-in-view to disable this warning
2021-08-13 11:36:53.139  INFO 19884 --- [restartedMain] pertySourcedRequestMappingHandlerMapping : Mapped URL path [/v2/api-docs] onto method [springfox.documentation.swagger2.web.Swagger2Controller#getDocumentation(String, HttpServletRequest)]
2021-08-13 11:36:55.217  INFO 19884 --- [restartedMain] o.s.b.d.a.OptionalLiveReloadServer       : LiveReload server is running on port 35729
2021-08-13 11:36:57.962  INFO 19884 --- [restartedMain] o.s.b.w.embedded.tomcat.TomcatWebServer  : Tomcat started on port(s): 8080 (http) with context path ''
2021-08-13 11:36:57.965  INFO 19884 --- [restartedMain] d.s.w.p.DocumentationPluginsBootstrapper : Context refreshed
2021-08-13 11:36:58.555  INFO 19884 --- [restartedMain] d.s.w.p.DocumentationPluginsBootstrapper : Found 1 custom documentation plugin(s)
2021-08-13 11:36:58.895  INFO 19884 --- [restartedMain] s.d.s.w.s.ApiListingReferenceScanner     : Scanning for api listing references
2021-08-13 11:37:01.198  INFO 19884 --- [restartedMain] com.example.demo.DemoApplication         : Started DemoApplication in 167.267 seconds (JVM running for 233.762)
2021-08-13 11:38:55.581  INFO 19884 --- [http-nio-8080-exec-1] o.a.c.c.C.[Tomcat].[localhost].[/]       : Initializing Spring DispatcherServlet 'dispatcherServlet'
2021-08-13 11:38:55.582  INFO 19884 --- [http-nio-8080-exec-1] o.s.web.servlet.DispatcherServlet        : Initializing Servlet 'dispatcherServlet'
2021-08-13 11:38:55.584  INFO 19884 --- [http-nio-8080-exec-1] o.s.web.servlet.DispatcherServlet        : Completed initialization in 1 ms
2021-08-13 11:43:21.626  WARN 19884 --- [http-nio-8080-exec-10] .w.s.m.s.DefaultHandlerExceptionResolver : Resolved [org.springframework.web.bind.MissingPathVariableException: Required URI template variable 'id' for method parameter type int is not present]
2021-08-13 11:44:26.035  WARN 19884 --- [http-nio-8080-exec-1] .w.s.m.s.DefaultHandlerExceptionResolver : Resolved [org.springframework.web.bind.MissingPathVariableException: Required URI template variable 'id' for method parameter type int is not present]
2021-08-13 11:59:03.975  INFO 17480 --- [restartedMain] com.example.demo.DemoApplication         : Starting DemoApplication using Java 11.0.11 on DESKTOP-N66BMGP with PID 17480 (E:\Spring\demo\build\classes\java\main started by User in E:\Spring\demo)
2021-08-13 11:59:04.018  INFO 17480 --- [restartedMain] com.example.demo.DemoApplication         : No active profile set, falling back to default profiles: default
2021-08-13 11:59:05.951  INFO 17480 --- [restartedMain] .e.DevToolsPropertyDefaultsPostProcessor : Devtools property defaults active! Set 'spring.devtools.add-properties' to 'false' to disable
2021-08-13 11:59:05.952  INFO 17480 --- [restartedMain] .e.DevToolsPropertyDefaultsPostProcessor : For additional web related logging consider setting the 'logging.level.web' property to 'DEBUG'
2021-08-13 11:59:23.736  INFO 17480 --- [restartedMain] .s.d.r.c.RepositoryConfigurationDelegate : Bootstrapping Spring Data JPA repositories in DEFAULT mode.
2021-08-13 11:59:24.351  INFO 17480 --- [restartedMain] .s.d.r.c.RepositoryConfigurationDelegate : Finished Spring Data repository scanning in 550 ms. Found 1 JPA repository interfaces.
2021-08-13 11:59:31.766  INFO 17480 --- [restartedMain] o.s.b.w.embedded.tomcat.TomcatWebServer  : Tomcat initialized with port(s): 8080 (http)
2021-08-13 11:59:31.997  INFO 17480 --- [restartedMain] o.apache.catalina.core.StandardService   : Starting service [Tomcat]
2021-08-13 11:59:31.997  INFO 17480 --- [restartedMain] org.apache.catalina.core.StandardEngine  : Starting Servlet engine: [Apache Tomcat/9.0.50]
2021-08-13 11:59:34.527  INFO 17480 --- [restartedMain] o.a.c.c.C.[Tomcat].[localhost].[/]       : Initializing Spring embedded WebApplicationContext
2021-08-13 11:59:34.527  INFO 17480 --- [restartedMain] w.s.c.ServletWebServerApplicationContext : Root WebApplicationContext: initialization completed in 28572 ms
2021-08-13 11:59:35.956  INFO 17480 --- [restartedMain] o.hibernate.jpa.internal.util.LogHelper  : HHH000204: Processing PersistenceUnitInfo [name: default]
2021-08-13 11:59:40.152  INFO 17480 --- [restartedMain] org.hibernate.Version                    : HHH000412: Hibernate ORM core version 5.4.32.Final
2021-08-13 11:59:48.628  INFO 17480 --- [restartedMain] o.hibernate.annotations.common.Version   : HCANN000001: Hibernate Commons Annotations {5.1.2.Final}
2021-08-13 11:59:54.760  INFO 17480 --- [restartedMain] com.zaxxer.hikari.HikariDataSource       : HikariPool-1 - Starting...
2021-08-13 12:00:04.045  INFO 17480 --- [restartedMain] com.zaxxer.hikari.HikariDataSource       : HikariPool-1 - Start completed.
2021-08-13 12:00:04.780  INFO 17480 --- [restartedMain] org.hibernate.dialect.Dialect            : HHH000400: Using dialect: org.hibernate.dialect.MySQL8Dialect
2021-08-13 12:00:25.521  INFO 17480 --- [restartedMain] o.h.e.t.j.p.i.JtaPlatformInitiator       : HHH000490: Using JtaPlatform implementation: [org.hibernate.engine.transaction.jta.platform.internal.NoJtaPlatform]
2021-08-13 12:00:25.599  INFO 17480 --- [restartedMain] j.LocalContainerEntityManagerFactoryBean : Initialized JPA EntityManagerFactory for persistence unit 'default'
2021-08-13 12:00:31.066  WARN 17480 --- [restartedMain] JpaBaseConfiguration$JpaWebConfiguration : spring.jpa.open-in-view is enabled by default. Therefore, database queries may be performed during view rendering. Explicitly configure spring.jpa.open-in-view to disable this warning
2021-08-13 12:00:42.492  INFO 17480 --- [restartedMain] pertySourcedRequestMappingHandlerMapping : Mapped URL path [/v2/api-docs] onto method [springfox.documentation.swagger2.web.Swagger2Controller#getDocumentation(String, HttpServletRequest)]
2021-08-13 12:00:45.796  INFO 17480 --- [restartedMain] o.s.b.d.a.OptionalLiveReloadServer       : LiveReload server is running on port 35729
2021-08-13 12:00:51.486  INFO 17480 --- [restartedMain] o.s.b.w.embedded.tomcat.TomcatWebServer  : Tomcat started on port(s): 8080 (http) with context path ''
2021-08-13 12:00:51.489  INFO 17480 --- [restartedMain] d.s.w.p.DocumentationPluginsBootstrapper : Context refreshed
2021-08-13 12:00:52.598  INFO 17480 --- [restartedMain] d.s.w.p.DocumentationPluginsBootstrapper : Found 1 custom documentation plugin(s)
2021-08-13 12:00:52.945  INFO 17480 --- [restartedMain] s.d.s.w.s.ApiListingReferenceScanner     : Scanning for api listing references
2021-08-13 12:00:54.809  INFO 17480 --- [restartedMain] com.example.demo.DemoApplication         : Started DemoApplication in 122.475 seconds (JVM running for 154.357)
2021-08-13 12:08:43.461  INFO 17480 --- [http-nio-8080-exec-1] o.a.c.c.C.[Tomcat].[localhost].[/]       : Initializing Spring DispatcherServlet 'dispatcherServlet'
2021-08-13 12:08:43.465  INFO 17480 --- [http-nio-8080-exec-1] o.s.web.servlet.DispatcherServlet        : Initializing Servlet 'dispatcherServlet'
2021-08-13 12:08:43.472  INFO 17480 --- [http-nio-8080-exec-1] o.s.web.servlet.DispatcherServlet        : Completed initialization in 7 ms
2021-08-13 12:19:28.470  INFO 17480 --- [SpringApplicationShutdownHook] j.LocalContainerEntityManagerFactoryBean : Closing JPA EntityManagerFactory for persistence unit 'default'
2021-08-13 12:19:30.696  INFO 17480 --- [SpringApplicationShutdownHook] com.zaxxer.hikari.HikariDataSource       : HikariPool-1 - Shutdown initiated...
2021-08-13 12:19:32.526  INFO 17480 --- [SpringApplicationShutdownHook] com.zaxxer.hikari.HikariDataSource       : HikariPool-1 - Shutdown completed.
